mode: set
github.com/RecastAI/sdk-golang/recast/client.go:41.55,43.2 1 1
github.com/RecastAI/sdk-golang/recast/client.go:46.41,48.2 1 1
github.com/RecastAI/sdk-golang/recast/client.go:51.47,53.2 1 1
github.com/RecastAI/sdk-golang/recast/client.go:58.76,61.17 3 1
github.com/RecastAI/sdk-golang/recast/client.go:71.2,71.17 1 1
github.com/RecastAI/sdk-golang/recast/client.go:75.2,77.16 3 1
github.com/RecastAI/sdk-golang/recast/client.go:81.2,85.16 5 1
github.com/RecastAI/sdk-golang/recast/client.go:89.2,91.28 2 1
github.com/RecastAI/sdk-golang/recast/client.go:95.2,100.16 3 1
github.com/RecastAI/sdk-golang/recast/client.go:103.2,108.16 5 1
github.com/RecastAI/sdk-golang/recast/client.go:112.2,120.16 5 1
github.com/RecastAI/sdk-golang/recast/client.go:123.2,125.24 2 1
github.com/RecastAI/sdk-golang/recast/client.go:61.17,62.26 1 1
github.com/RecastAI/sdk-golang/recast/client.go:66.3,66.23 1 1
github.com/RecastAI/sdk-golang/recast/client.go:62.26,64.4 1 1
github.com/RecastAI/sdk-golang/recast/client.go:66.23,68.4 1 1
github.com/RecastAI/sdk-golang/recast/client.go:71.17,73.3 1 1
github.com/RecastAI/sdk-golang/recast/client.go:77.16,79.3 1 1
github.com/RecastAI/sdk-golang/recast/client.go:85.16,87.3 1 0
github.com/RecastAI/sdk-golang/recast/client.go:91.28,93.3 1 1
github.com/RecastAI/sdk-golang/recast/client.go:100.16,102.3 1 0
github.com/RecastAI/sdk-golang/recast/client.go:108.16,110.3 1 1
github.com/RecastAI/sdk-golang/recast/client.go:120.16,122.3 1 0
github.com/RecastAI/sdk-golang/recast/client.go:131.80,134.17 3 1
github.com/RecastAI/sdk-golang/recast/client.go:144.2,144.17 1 1
github.com/RecastAI/sdk-golang/recast/client.go:148.2,149.16 2 1
github.com/RecastAI/sdk-golang/recast/client.go:152.2,155.16 3 1
github.com/RecastAI/sdk-golang/recast/client.go:159.2,163.16 4 1
github.com/RecastAI/sdk-golang/recast/client.go:167.2,168.16 2 1
github.com/RecastAI/sdk-golang/recast/client.go:172.2,172.16 1 1
github.com/RecastAI/sdk-golang/recast/client.go:184.2,185.16 2 1
github.com/RecastAI/sdk-golang/recast/client.go:189.2,190.16 2 1
github.com/RecastAI/sdk-golang/recast/client.go:194.2,198.16 5 1
github.com/RecastAI/sdk-golang/recast/client.go:201.2,203.28 2 1
github.com/RecastAI/sdk-golang/recast/client.go:207.2,212.16 3 1
github.com/RecastAI/sdk-golang/recast/client.go:215.2,220.16 5 1
github.com/RecastAI/sdk-golang/recast/client.go:224.2,232.16 5 1
github.com/RecastAI/sdk-golang/recast/client.go:235.2,237.24 2 1
github.com/RecastAI/sdk-golang/recast/client.go:134.17,135.26 1 1
github.com/RecastAI/sdk-golang/recast/client.go:139.3,139.23 1 1
github.com/RecastAI/sdk-golang/recast/client.go:135.26,137.4 1 1
github.com/RecastAI/sdk-golang/recast/client.go:139.23,141.4 1 1
github.com/RecastAI/sdk-golang/recast/client.go:144.17,146.3 1 1
github.com/RecastAI/sdk-golang/recast/client.go:149.16,151.3 1 1
github.com/RecastAI/sdk-golang/recast/client.go:155.16,157.3 1 0
github.com/RecastAI/sdk-golang/recast/client.go:163.16,165.3 1 0
github.com/RecastAI/sdk-golang/recast/client.go:168.16,170.3 1 0
github.com/RecastAI/sdk-golang/recast/client.go:172.16,174.17 2 1
github.com/RecastAI/sdk-golang/recast/client.go:178.3,179.17 2 1
github.com/RecastAI/sdk-golang/recast/client.go:174.17,176.4 1 0
github.com/RecastAI/sdk-golang/recast/client.go:179.17,181.4 1 0
github.com/RecastAI/sdk-golang/recast/client.go:185.16,187.3 1 0
github.com/RecastAI/sdk-golang/recast/client.go:190.16,192.3 1 0
github.com/RecastAI/sdk-golang/recast/client.go:198.16,200.3 1 0
github.com/RecastAI/sdk-golang/recast/client.go:203.28,205.3 1 1
github.com/RecastAI/sdk-golang/recast/client.go:212.16,214.3 1 0
github.com/RecastAI/sdk-golang/recast/client.go:220.16,222.3 1 0
github.com/RecastAI/sdk-golang/recast/client.go:232.16,234.3 1 0
github.com/RecastAI/sdk-golang/recast/entity.go:10.65,14.2 3 1
github.com/RecastAI/sdk-golang/recast/entity.go:17.47,19.2 1 1
github.com/RecastAI/sdk-golang/recast/response.go:44.62,46.25 2 1
github.com/RecastAI/sdk-golang/recast/response.go:46.25,48.10 2 1
github.com/RecastAI/sdk-golang/recast/response.go:51.3,51.28 1 1
github.com/RecastAI/sdk-golang/recast/response.go:48.10,50.4 1 0
github.com/RecastAI/sdk-golang/recast/response.go:51.28,53.11 2 1
github.com/RecastAI/sdk-golang/recast/response.go:56.4,56.67 1 1
github.com/RecastAI/sdk-golang/recast/response.go:53.11,55.5 1 0
github.com/RecastAI/sdk-golang/recast/response.go:62.45,64.2 1 1
github.com/RecastAI/sdk-golang/recast/response.go:67.52,68.58 1 1
github.com/RecastAI/sdk-golang/recast/response.go:71.2,71.66 1 1
github.com/RecastAI/sdk-golang/recast/response.go:68.58,70.3 1 1
github.com/RecastAI/sdk-golang/recast/response.go:74.43,76.16 2 1
github.com/RecastAI/sdk-golang/recast/response.go:79.2,79.39 1 1
github.com/RecastAI/sdk-golang/recast/response.go:82.2,82.14 1 1
github.com/RecastAI/sdk-golang/recast/response.go:76.16,78.3 1 0
github.com/RecastAI/sdk-golang/recast/response.go:79.39,81.3 1 1
github.com/RecastAI/sdk-golang/recast/response.go:86.44,87.24 1 1
github.com/RecastAI/sdk-golang/recast/response.go:90.2,90.50 1 1
github.com/RecastAI/sdk-golang/recast/response.go:87.24,89.3 1 1
github.com/RecastAI/sdk-golang/recast/response.go:94.41,96.2 1 1
github.com/RecastAI/sdk-golang/recast/response.go:99.35,101.2 1 1
github.com/RecastAI/sdk-golang/recast/response.go:104.40,106.2 1 1
github.com/RecastAI/sdk-golang/recast/response.go:109.34,111.2 1 1
github.com/RecastAI/sdk-golang/recast/response.go:114.37,116.2 1 1
github.com/RecastAI/sdk-golang/recast/response.go:119.35,121.2 1 1
github.com/RecastAI/sdk-golang/recast/response.go:124.37,126.2 1 1
github.com/RecastAI/sdk-golang/recast/response.go:129.41,131.2 1 1
github.com/RecastAI/sdk-golang/recast/response.go:134.36,136.2 1 1
github.com/RecastAI/sdk-golang/recast/response.go:139.37,141.2 1 1
github.com/RecastAI/sdk-golang/recast/response.go:144.41,146.2 1 1
github.com/RecastAI/sdk-golang/recast/response.go:149.35,151.2 1 1
github.com/RecastAI/sdk-golang/recast/response.go:154.36,156.2 1 1
github.com/RecastAI/sdk-golang/recast/response.go:159.36,161.2 1 1
github.com/RecastAI/sdk-golang/recast/response.go:164.36,166.2 1 1
